<?xml version="1.0" encoding="UTF-8"?>
<testsuite xmlns:xsi="http://www.w3.org/2001/XMLSchema-instance" xsi:noNamespaceSchemaLocation="https://maven.apache.org/surefire/maven-surefire-plugin/xsd/surefire-test-report-3.0.xsd" version="3.0" name="TestSuite" time="31.382" tests="1" errors="0" skipped="0" failures="0">
  <properties>
[...]
</properties>
  <testcase name="searchCustomerbyEmail[a, admin@yourstore.com, admin, admin@yourstore.com, admin@yourstore.com](1)" classname="tests.SearchCustomer" time="19.89">
    <system-out><![CDATA[launching application
 INFO [main] (SearchCustomer.java:26)- ************* Taking Screenshot *****************
 INFO [main] (SearchCustomer.java:30)- ************* Launching Browser *****************
 INFO [main] (SearchCustomer.java:31)- ************* Opeining URL *****************
 INFO [main] (SearchCustomer.java:36)- ************* Entering password *****************
 INFO [main] (SearchCustomer.java:39)- ************* Login successful *****************
 INFO [main] (SearchCustomer.java:43)- ************* Entering email to search *****************
 INFO [main] (SearchCustomer.java:47)- ************* Search result received *****************
 INFO [main] (SearchCustomer.java:50)- ************* Search successful *****************
 INFO [main] (SearchCustomer.java:53)- ************* Screenshot captured *****************
]]></system-out>
    <system-err><![CDATA[SLF4J: Failed to load class "org.slf4j.impl.StaticLoggerBinder".
SLF4J: Defaulting to no-operation (NOP) logger implementation
SLF4J: See http://www.slf4j.org/codes.html#StaticLoggerBinder for further details.
Starting ChromeDriver 114.0.5735.90 (386bc09e8f4f2e025eddae123f36f6263096ae49-refs/branch-heads/5735@{#1052}) on port 48928
Only local connections are allowed.
Please see https://chromedriver.chromium.org/security-considerations for suggestions on keeping ChromeDriver safe.
ChromeDriver was started successfully.
[1690966693.323][WARNING]: This version of ChromeDriver has not been tested with Chrome version 115.
Aug 02, 2023 4:58:13 PM org.openqa.selenium.remote.ProtocolHandshake createSession
INFO: Detected dialect: W3C
https://admin-demo.nopcommerce.com/login?ReturnUrl=%2Fadmin%2F
]]></system-err>
  </testcase>
</testsuite>